<?xml version="1.0" encoding="UTF-8"?>
<testng-results ignored="0" total="17" passed="17" failed="0" skipped="0">
  <reporter-output>
  </reporter-output>
  <suite started-at="2024-12-09T10:17:28 IST" name="Suite" finished-at="2024-12-09T10:18:03 IST" duration-ms="35333">
    <groups>
    </groups>
    <test started-at="2024-12-09T10:17:28 IST" name="Test" finished-at="2024-12-09T10:18:03 IST" duration-ms="35333">
      <class name="com.client.ShoppersStack.BackendApiTesting.DeleteTest">
        <test-method is-config="true" signature="beforeClass()[pri:0, instance:com.client.ShoppersStack.BackendApiTesting.DeleteTest@3bd82cf5]" started-at="2024-12-09T10:18:02 IST" name="beforeClass" finished-at="2024-12-09T10:18:02 IST" duration-ms="3" status="PASS">
          <reporter-output>
          </reporter-output>
        </test-method> <!-- beforeClass -->
        <test-method signature="deleteAddress()[pri:0, instance:com.client.ShoppersStack.BackendApiTesting.DeleteTest@3bd82cf5]" started-at="2024-12-09T10:18:02 IST" name="deleteAddress" finished-at="2024-12-09T10:18:03 IST" duration-ms="1750" status="PASS">
          <reporter-output>
          </reporter-output>
        </test-method> <!-- deleteAddress -->
        <test-method is-config="true" signature="afterClass()[pri:0, instance:com.client.ShoppersStack.BackendApiTesting.DeleteTest@3bd82cf5]" started-at="2024-12-09T10:18:03 IST" name="afterClass" finished-at="2024-12-09T10:18:03 IST" duration-ms="1" status="PASS">
          <reporter-output>
          </reporter-output>
        </test-method> <!-- afterClass -->
      </class> <!-- com.client.ShoppersStack.BackendApiTesting.DeleteTest -->
      <class name="com.client.ShoppersStack.BackendApiTesting.CartTest">
        <test-method is-config="true" signature="beforeClass()[pri:0, instance:com.client.ShoppersStack.BackendApiTesting.CartTest@2362f559]" started-at="2024-12-09T10:17:41 IST" name="beforeClass" finished-at="2024-12-09T10:17:41 IST" duration-ms="3" status="PASS">
          <reporter-output>
          </reporter-output>
        </test-method> <!-- beforeClass -->
        <test-method signature="addToCart()[pri:0, instance:com.client.ShoppersStack.BackendApiTesting.CartTest@2362f559]" started-at="2024-12-09T10:17:41 IST" name="addToCart" finished-at="2024-12-09T10:17:43 IST" duration-ms="2308" status="PASS">
          <reporter-output>
          </reporter-output>
        </test-method> <!-- addToCart -->
        <test-method signature="getProductFromCart()[pri:0, instance:com.client.ShoppersStack.BackendApiTesting.CartTest@2362f559]" started-at="2024-12-09T10:17:43 IST" name="getProductFromCart" finished-at="2024-12-09T10:17:44 IST" duration-ms="1406" status="PASS">
          <reporter-output>
          </reporter-output>
        </test-method> <!-- getProductFromCart -->
        <test-method signature="updateProdInCart()[pri:0, instance:com.client.ShoppersStack.BackendApiTesting.CartTest@2362f559]" started-at="2024-12-09T10:17:44 IST" name="updateProdInCart" finished-at="2024-12-09T10:17:48 IST" duration-ms="3846" status="PASS">
          <reporter-output>
          </reporter-output>
        </test-method> <!-- updateProdInCart -->
        <test-method is-config="true" signature="afterClass()[pri:0, instance:com.client.ShoppersStack.BackendApiTesting.CartTest@2362f559]" started-at="2024-12-09T10:17:48 IST" name="afterClass" finished-at="2024-12-09T10:17:48 IST" duration-ms="1" status="PASS">
          <reporter-output>
          </reporter-output>
        </test-method> <!-- afterClass -->
      </class> <!-- com.client.ShoppersStack.BackendApiTesting.CartTest -->
      <class name="com.client.ShoppersStack.BackendApiTesting.OrderTest">
        <test-method is-config="true" signature="beforeClass()[pri:0, instance:com.client.ShoppersStack.BackendApiTesting.OrderTest@b2c9a9c]" started-at="2024-12-09T10:17:48 IST" name="beforeClass" finished-at="2024-12-09T10:17:48 IST" duration-ms="5" status="PASS">
          <reporter-output>
          </reporter-output>
        </test-method> <!-- beforeClass -->
        <test-method signature="placeOrderTest()[pri:0, instance:com.client.ShoppersStack.BackendApiTesting.OrderTest@b2c9a9c]" started-at="2024-12-09T10:17:48 IST" name="placeOrderTest" finished-at="2024-12-09T10:17:50 IST" duration-ms="1876" status="PASS">
          <reporter-output>
          </reporter-output>
        </test-method> <!-- placeOrderTest -->
        <test-method is-config="true" signature="afterClass()[pri:0, instance:com.client.ShoppersStack.BackendApiTesting.OrderTest@b2c9a9c]" started-at="2024-12-09T10:17:50 IST" name="afterClass" finished-at="2024-12-09T10:17:50 IST" duration-ms="0" status="PASS">
          <reporter-output>
          </reporter-output>
        </test-method> <!-- afterClass -->
      </class> <!-- com.client.ShoppersStack.BackendApiTesting.OrderTest -->
      <class name="com.client.ShoppersStack.BackendApiTesting.ReviewTest">
        <test-method is-config="true" signature="beforeClass()[pri:0, instance:com.client.ShoppersStack.BackendApiTesting.ReviewTest@fa4c865]" started-at="2024-12-09T10:17:57 IST" name="beforeClass" finished-at="2024-12-09T10:17:57 IST" duration-ms="2" status="PASS">
          <reporter-output>
          </reporter-output>
        </test-method> <!-- beforeClass -->
        <test-method signature="addReviews()[pri:1, instance:com.client.ShoppersStack.BackendApiTesting.ReviewTest@fa4c865]" started-at="2024-12-09T10:17:57 IST" name="addReviews" finished-at="2024-12-09T10:17:58 IST" duration-ms="969" status="PASS">
          <reporter-output>
          </reporter-output>
        </test-method> <!-- addReviews -->
        <test-method signature="getreviews()[pri:2, instance:com.client.ShoppersStack.BackendApiTesting.ReviewTest@fa4c865]" started-at="2024-12-09T10:17:58 IST" name="getreviews" finished-at="2024-12-09T10:17:59 IST" duration-ms="1202" status="PASS">
          <reporter-output>
          </reporter-output>
        </test-method> <!-- getreviews -->
        <test-method signature="updateReview()[pri:3, instance:com.client.ShoppersStack.BackendApiTesting.ReviewTest@fa4c865]" started-at="2024-12-09T10:17:59 IST" name="updateReview" finished-at="2024-12-09T10:18:01 IST" duration-ms="1829" status="PASS">
          <reporter-output>
          </reporter-output>
        </test-method> <!-- updateReview -->
        <test-method signature="deleteReview()[pri:4, instance:com.client.ShoppersStack.BackendApiTesting.ReviewTest@fa4c865]" started-at="2024-12-09T10:18:01 IST" name="deleteReview" finished-at="2024-12-09T10:18:02 IST" duration-ms="982" status="PASS">
          <reporter-output>
          </reporter-output>
        </test-method> <!-- deleteReview -->
        <test-method is-config="true" signature="afterClass()[pri:0, instance:com.client.ShoppersStack.BackendApiTesting.ReviewTest@fa4c865]" started-at="2024-12-09T10:18:02 IST" name="afterClass" finished-at="2024-12-09T10:18:02 IST" duration-ms="0" status="PASS">
          <reporter-output>
          </reporter-output>
        </test-method> <!-- afterClass -->
      </class> <!-- com.client.ShoppersStack.BackendApiTesting.ReviewTest -->
      <class name="com.client.ShoppersStack.BackendApiTesting.WishlistTest">
        <test-method is-config="true" signature="beforeSuite()[pri:0, instance:com.client.ShoppersStack.BackendApiTesting.WishlistTest@2925bf5b]" started-at="2024-12-09T10:17:23 IST" name="beforeSuite" finished-at="2024-12-09T10:17:28 IST" duration-ms="4849" status="PASS">
          <reporter-output>
          </reporter-output>
        </test-method> <!-- beforeSuite -->
        <test-method is-config="true" signature="beforeClass()[pri:0, instance:com.client.ShoppersStack.BackendApiTesting.WishlistTest@2925bf5b]" started-at="2024-12-09T10:17:28 IST" name="beforeClass" finished-at="2024-12-09T10:17:28 IST" duration-ms="7" status="PASS">
          <reporter-output>
          </reporter-output>
        </test-method> <!-- beforeClass -->
        <test-method signature="addToWishlistTest()[pri:0, instance:com.client.ShoppersStack.BackendApiTesting.WishlistTest@2925bf5b]" started-at="2024-12-09T10:17:28 IST" name="addToWishlistTest" finished-at="2024-12-09T10:17:30 IST" duration-ms="1869" status="PASS">
          <reporter-output>
          </reporter-output>
        </test-method> <!-- addToWishlistTest -->
        <test-method signature="deleteFromWishlist()[pri:0, instance:com.client.ShoppersStack.BackendApiTesting.WishlistTest@2925bf5b]" started-at="2024-12-09T10:17:30 IST" name="deleteFromWishlist" finished-at="2024-12-09T10:17:32 IST" duration-ms="1834" status="PASS">
          <reporter-output>
          </reporter-output>
        </test-method> <!-- deleteFromWishlist -->
        <test-method is-config="true" signature="afterClass()[pri:0, instance:com.client.ShoppersStack.BackendApiTesting.WishlistTest@2925bf5b]" started-at="2024-12-09T10:17:32 IST" name="afterClass" finished-at="2024-12-09T10:17:32 IST" duration-ms="1" status="PASS">
          <reporter-output>
          </reporter-output>
        </test-method> <!-- afterClass -->
        <test-method is-config="true" signature="afterSuite()[pri:0, instance:com.client.ShoppersStack.BackendApiTesting.WishlistTest@2925bf5b]" started-at="2024-12-09T10:18:03 IST" name="afterSuite" finished-at="2024-12-09T10:18:03 IST" duration-ms="0" status="PASS">
          <reporter-output>
          </reporter-output>
        </test-method> <!-- afterSuite -->
      </class> <!-- com.client.ShoppersStack.BackendApiTesting.WishlistTest -->
      <class name="com.client.ShoppersStack.BackendApiTesting.ProductsTest">
        <test-method is-config="true" signature="beforeClass()[pri:0, instance:com.client.ShoppersStack.BackendApiTesting.ProductsTest@4c178a76]" started-at="2024-12-09T10:17:50 IST" name="beforeClass" finished-at="2024-12-09T10:17:50 IST" duration-ms="2" status="PASS">
          <reporter-output>
          </reporter-output>
        </test-method> <!-- beforeClass -->
        <test-method signature="verifyProduct()[pri:0, instance:com.client.ShoppersStack.BackendApiTesting.ProductsTest@4c178a76]" started-at="2024-12-09T10:17:50 IST" name="verifyProduct" finished-at="2024-12-09T10:17:54 IST" duration-ms="3932" status="PASS">
          <reporter-output>
          </reporter-output>
        </test-method> <!-- verifyProduct -->
        <test-method signature="viewProducts()[pri:0, instance:com.client.ShoppersStack.BackendApiTesting.ProductsTest@4c178a76]" started-at="2024-12-09T10:17:54 IST" name="viewProducts" finished-at="2024-12-09T10:17:57 IST" duration-ms="2470" status="PASS">
          <reporter-output>
          </reporter-output>
        </test-method> <!-- viewProducts -->
        <test-method is-config="true" signature="afterClass()[pri:0, instance:com.client.ShoppersStack.BackendApiTesting.ProductsTest@4c178a76]" started-at="2024-12-09T10:17:57 IST" name="afterClass" finished-at="2024-12-09T10:17:57 IST" duration-ms="0" status="PASS">
          <reporter-output>
          </reporter-output>
        </test-method> <!-- afterClass -->
      </class> <!-- com.client.ShoppersStack.BackendApiTesting.ProductsTest -->
      <class name="com.client.ShoppersStack.BackendApiTesting.AddressTest">
        <test-method is-config="true" signature="beforeClass()[pri:0, instance:com.client.ShoppersStack.BackendApiTesting.AddressTest@8297b3a]" started-at="2024-12-09T10:17:32 IST" name="beforeClass" finished-at="2024-12-09T10:17:32 IST" duration-ms="2" status="PASS">
          <reporter-output>
          </reporter-output>
        </test-method> <!-- beforeClass -->
        <test-method signature="addAddress()[pri:0, instance:com.client.ShoppersStack.BackendApiTesting.AddressTest@8297b3a]" started-at="2024-12-09T10:17:32 IST" name="addAddress" finished-at="2024-12-09T10:17:34 IST" duration-ms="2630" status="PASS">
          <reporter-output>
          </reporter-output>
        </test-method> <!-- addAddress -->
        <test-method signature="getAlladdresses()[pri:0, instance:com.client.ShoppersStack.BackendApiTesting.AddressTest@8297b3a]" started-at="2024-12-09T10:17:34 IST" name="getAlladdresses" finished-at="2024-12-09T10:17:37 IST" duration-ms="2344" status="PASS">
          <reporter-output>
          </reporter-output>
        </test-method> <!-- getAlladdresses -->
        <test-method signature="getParticularAddress()[pri:0, instance:com.client.ShoppersStack.BackendApiTesting.AddressTest@8297b3a]" started-at="2024-12-09T10:17:37 IST" name="getParticularAddress" finished-at="2024-12-09T10:17:39 IST" depends-on-methods="com.client.ShoppersStack.BackendApiTesting.AddressTest.addAddress" duration-ms="1904" status="PASS">
          <reporter-output>
          </reporter-output>
        </test-method> <!-- getParticularAddress -->
        <test-method signature="updateAddress()[pri:0, instance:com.client.ShoppersStack.BackendApiTesting.AddressTest@8297b3a]" started-at="2024-12-09T10:17:39 IST" name="updateAddress" finished-at="2024-12-09T10:17:41 IST" depends-on-methods="com.client.ShoppersStack.BackendApiTesting.AddressTest.addAddress" duration-ms="2012" status="PASS">
          <reporter-output>
          </reporter-output>
        </test-method> <!-- updateAddress -->
        <test-method is-config="true" signature="afterClass()[pri:0, instance:com.client.ShoppersStack.BackendApiTesting.AddressTest@8297b3a]" started-at="2024-12-09T10:17:41 IST" name="afterClass" finished-at="2024-12-09T10:17:41 IST" duration-ms="1" status="PASS">
          <reporter-output>
          </reporter-output>
        </test-method> <!-- afterClass -->
      </class> <!-- com.client.ShoppersStack.BackendApiTesting.AddressTest -->
    </test> <!-- Test -->
  </suite> <!-- Suite -->
</testng-results>
