<?xml version="1.0" encoding="UTF-8"?>
<!-- Generated by org.testng.reporters.JUnitXMLReporter -->
<testsuite ignored="2" hostname="HAQUE2531" failures="2" tests="6" name="ShoppersStack" time="4.261" errors="0" timestamp="2024-12-02T10:31:12 IST">
  <testcase classname="com.client.ShoppersStack.BackendApiTesting.WishlistTest" name="addToWishlistTest" time="0.656"/>
  <testcase classname="com.client.ShoppersStack.BackendApiTesting.WishlistTest" name="deleteFromWishlist" time="0.616"/>
  <testcase classname="com.client.ShoppersStack.BackendApiTesting.AddressTest" name="addAddress" time="0.005">
    <failure type="java.lang.IllegalArgumentException" message="Specification to merge with cannot be null">
      <![CDATA[java.lang.IllegalArgumentException: Specification to merge with cannot be null
at org.codehaus.groovy.runtime.callsite.ConstructorSite$ConstructorSiteNoUnwrap.callConstructor(ConstructorSite.java:86)
at org.codehaus.groovy.runtime.callsite.CallSiteArray.defaultCallConstructor(CallSiteArray.java:57)
at org.codehaus.groovy.runtime.callsite.AbstractCallSite.callConstructor(AbstractCallSite.java:263)
at org.codehaus.groovy.runtime.callsite.AbstractCallSite.callConstructor(AbstractCallSite.java:277)
at io.restassured.internal.common.assertion.AssertParameter.notNull(AssertParameter.groovy:26)
at io.restassured.internal.common.assertion.AssertParameter$notNull.callStatic(Unknown Source)
at org.codehaus.groovy.runtime.callsite.CallSiteArray.defaultCallStatic(CallSiteArray.java:53)
at io.restassured.internal.common.assertion.AssertParameter$notNull.callStatic(Unknown Source)
at io.restassured.internal.SpecificationMerger.merge(SpecificationMerger.groovy:94)
at io.restassured.internal.SpecificationMerger$merge.call(Unknown Source)
at org.codehaus.groovy.runtime.callsite.CallSiteArray.defaultCall(CallSiteArray.java:45)
at io.restassured.internal.SpecificationMerger$merge.call(Unknown Source)
at io.restassured.internal.RequestSpecificationImpl.spec(RequestSpecificationImpl.groovy:944)
at com.client.ShoppersStack.BackendApiTesting.AddressTest.addAddress(AddressTest.java:25)
at java.base/java.util.ArrayList.forEach(ArrayList.java:1596)
... Removed 30 stack frames]]>
    </failure>
  </testcase> <!-- addAddress -->
  <testcase classname="com.client.ShoppersStack.BackendApiTesting.AddressTest" name="getAlladdresses" time="0.002">
    <failure type="java.lang.IllegalArgumentException" message="Specification to merge with cannot be null">
      <![CDATA[java.lang.IllegalArgumentException: Specification to merge with cannot be null
at org.codehaus.groovy.runtime.callsite.ConstructorSite$ConstructorSiteNoUnwrap.callConstructor(ConstructorSite.java:86)
at org.codehaus.groovy.runtime.callsite.AbstractCallSite.callConstructor(AbstractCallSite.java:277)
at io.restassured.internal.common.assertion.AssertParameter.notNull(AssertParameter.groovy:26)
at io.restassured.internal.common.assertion.AssertParameter$notNull.callStatic(Unknown Source)
at io.restassured.internal.SpecificationMerger.merge(SpecificationMerger.groovy:94)
at io.restassured.internal.SpecificationMerger$merge.call(Unknown Source)
at io.restassured.internal.RequestSpecificationImpl.spec(RequestSpecificationImpl.groovy:944)
at com.client.ShoppersStack.BackendApiTesting.AddressTest.getAlladdresses(AddressTest.java:42)
at java.base/java.util.ArrayList.forEach(ArrayList.java:1596)
... Removed 30 stack frames]]>
    </failure>
  </testcase> <!-- getAlladdresses -->
  <testcase classname="com.client.ShoppersStack.BackendApiTesting.AddressTest" name="getParticularAddress" time="0.0">
    <skipped/>
  </testcase> <!-- getParticularAddress -->
  <testcase classname="com.client.ShoppersStack.BackendApiTesting.AddressTest" name="updateAddress" time="0.001">
    <skipped/>
  </testcase> <!-- updateAddress -->
  <testcase classname="com.client.ShoppersStack.BaseApiUtility.BaseApiUtils" name="@BeforeTest beforeSuite" time="0.0">
    <ignored/>
  </testcase> <!-- @BeforeTest beforeSuite -->
  <testcase classname="com.client.ShoppersStack.BaseApiUtility.BaseApiUtils" name="@AfterTest afterSuite" time="0.0">
    <ignored/>
  </testcase> <!-- @AfterTest afterSuite -->
</testsuite> <!-- ShoppersStack -->
