<?xml version="1.0" encoding="UTF-8"?>
<!-- Generated by org.testng.reporters.JUnitXMLReporter -->
<testsuite ignored="12" hostname="HAQUE2531" failures="0" tests="17" name="Test" time="35.333" errors="0" timestamp="2024-12-09T10:18:03 IST">
  <testcase classname="com.client.ShoppersStack.BackendApiTesting.WishlistTest" name="addToWishlistTest" time="1.869"/>
  <testcase classname="com.client.ShoppersStack.BackendApiTesting.WishlistTest" name="deleteFromWishlist" time="1.834"/>
  <testcase classname="com.client.ShoppersStack.BackendApiTesting.AddressTest" name="addAddress" time="2.63"/>
  <testcase classname="com.client.ShoppersStack.BackendApiTesting.AddressTest" name="getAlladdresses" time="2.344"/>
  <testcase classname="com.client.ShoppersStack.BackendApiTesting.AddressTest" name="getParticularAddress" time="1.904"/>
  <testcase classname="com.client.ShoppersStack.BackendApiTesting.AddressTest" name="updateAddress" time="2.012"/>
  <testcase classname="com.client.ShoppersStack.BackendApiTesting.CartTest" name="addToCart" time="2.308"/>
  <testcase classname="com.client.ShoppersStack.BackendApiTesting.CartTest" name="getProductFromCart" time="1.406"/>
  <testcase classname="com.client.ShoppersStack.BackendApiTesting.CartTest" name="updateProdInCart" time="3.846"/>
  <testcase classname="com.client.ShoppersStack.BackendApiTesting.OrderTest" name="placeOrderTest" time="1.876"/>
  <testcase classname="com.client.ShoppersStack.BackendApiTesting.ProductsTest" name="verifyProduct" time="3.932"/>
  <testcase classname="com.client.ShoppersStack.BackendApiTesting.ProductsTest" name="viewProducts" time="2.47"/>
  <testcase classname="com.client.ShoppersStack.BackendApiTesting.ReviewTest" name="addReviews" time="0.969"/>
  <testcase classname="com.client.ShoppersStack.BackendApiTesting.ReviewTest" name="getreviews" time="1.202"/>
  <testcase classname="com.client.ShoppersStack.BackendApiTesting.ReviewTest" name="updateReview" time="1.829"/>
  <testcase classname="com.client.ShoppersStack.BackendApiTesting.ReviewTest" name="deleteReview" time="0.982"/>
  <testcase classname="com.client.ShoppersStack.BackendApiTesting.DeleteTest" name="deleteAddress" time="1.75"/>
  <testcase classname="com.client.ShoppersStack.BaseApiUtility.BaseApiUtils" name="@BeforeSuite beforeSuite" time="0.0">
    <ignored/>
  </testcase> <!-- @BeforeSuite beforeSuite -->
  <testcase classname="com.client.ShoppersStack.BaseApiUtility.BaseApiUtils" name="@AfterSuite afterSuite" time="0.0">
    <ignored/>
  </testcase> <!-- @AfterSuite afterSuite -->
  <testcase classname="com.client.ShoppersStack.BaseApiUtility.BaseApiUtils" name="@AfterSuite afterSuite" time="0.0">
    <ignored/>
  </testcase> <!-- @AfterSuite afterSuite -->
  <testcase classname="com.client.ShoppersStack.BaseApiUtility.BaseApiUtils" name="@BeforeSuite beforeSuite" time="0.0">
    <ignored/>
  </testcase> <!-- @BeforeSuite beforeSuite -->
  <testcase classname="com.client.ShoppersStack.BaseApiUtility.BaseApiUtils" name="@AfterSuite afterSuite" time="0.0">
    <ignored/>
  </testcase> <!-- @AfterSuite afterSuite -->
  <testcase classname="com.client.ShoppersStack.BaseApiUtility.BaseApiUtils" name="@BeforeSuite beforeSuite" time="0.0">
    <ignored/>
  </testcase> <!-- @BeforeSuite beforeSuite -->
  <testcase classname="com.client.ShoppersStack.BaseApiUtility.BaseApiUtils" name="@BeforeSuite beforeSuite" time="0.0">
    <ignored/>
  </testcase> <!-- @BeforeSuite beforeSuite -->
  <testcase classname="com.client.ShoppersStack.BaseApiUtility.BaseApiUtils" name="@AfterSuite afterSuite" time="0.0">
    <ignored/>
  </testcase> <!-- @AfterSuite afterSuite -->
  <testcase classname="com.client.ShoppersStack.BaseApiUtility.BaseApiUtils" name="@BeforeSuite beforeSuite" time="0.0">
    <ignored/>
  </testcase> <!-- @BeforeSuite beforeSuite -->
  <testcase classname="com.client.ShoppersStack.BaseApiUtility.BaseApiUtils" name="@AfterSuite afterSuite" time="0.0">
    <ignored/>
  </testcase> <!-- @AfterSuite afterSuite -->
  <testcase classname="com.client.ShoppersStack.BaseApiUtility.BaseApiUtils" name="@BeforeSuite beforeSuite" time="0.0">
    <ignored/>
  </testcase> <!-- @BeforeSuite beforeSuite -->
  <testcase classname="com.client.ShoppersStack.BaseApiUtility.BaseApiUtils" name="@AfterSuite afterSuite" time="0.0">
    <ignored/>
  </testcase> <!-- @AfterSuite afterSuite -->
</testsuite> <!-- Test -->
